   Compiling clover-runtime v0.9.0 (/Users/tony/Work/clover/runtime)
   Compiling clover-evm v0.9.0 (/Users/tony/Work/clover/modules/evm)
warning: unused import: `debug`
  --> modules/evm/src/lib.rs:16:72
   |
16 | use frame_support::{decl_module, decl_storage, decl_event, decl_error, debug};
   |                                                                        ^^^^^
   |
   = note: `#[warn(unused_imports)]` on by default

warning: unused import: `sp_runtime::print`
  --> modules/evm/src/lib.rs:24:5
   |
24 | use sp_runtime::print;
   |     ^^^^^^^^^^^^^^^^^

   Compiling clover-ethereum v0.9.0 (/Users/tony/Work/clover/modules/ethereum)
warning: 2 warnings emitted

   Compiling fc-rpc v0.9.0 (/Users/tony/Work/clover/rpc/client/rpc)
   Compiling clover v0.9.0 (/Users/tony/Work/clover/node)
    Finished dev [unoptimized + debuginfo] target(s) in 2m 11s
     Running `target/debug/clover --dev --rpc-cors=all --unsafe-rpc-external -lruntime=debug -ldebug=debug --unsafe-ws-external --validator --tmp --rpc-port=8545`
Dec 04 16:27:12.096  INFO Clover Node    
Dec 04 16:27:12.097  INFO ✌️  version 0.9.0-ca1ef7c-x86_64-macos    
Dec 04 16:27:12.097  INFO ❤️  by Clover Network <https://github.com/clover-network>, 2017-2020    
Dec 04 16:27:12.097  INFO 📋 Chain specification: Development    
Dec 04 16:27:12.097  INFO 🏷  Node name: internal-flock-1005    
Dec 04 16:27:12.097  INFO 👤 Role: AUTHORITY    
Dec 04 16:27:12.097  INFO 💾 Database: RocksDb at /var/folders/vg/7dyfv36518zbjhks1pkqpycw0000gn/T/substrateszkh37/chains/dev/db    
Dec 04 16:27:12.097  INFO ⛓  Native runtime: clover-2 (clover-1.tx1.au1)    
Dec 04 16:27:13.040  INFO 💸 new validator set of size 1 has been elected via ElectionCompute::OnChain for era 0    
Dec 04 16:27:13.042  INFO got config: [(CurrencyId::CUSDT, CurrencyId::CETH, Some(1000000000000000), Some(500000000000000)), (CurrencyId::CUSDT, CurrencyId::DOT, Some(700000000000000), Some(250000000000000)), (CurrencyId::CUSDT, CurrencyId::CLV, Some(300000000000000), Some(600000000000000))]    
Dec 04 16:27:13.042  INFO got incentives config: [(CurrencyId::CLV, CurrencyId::DOT, 1000000000000), (CurrencyId::CLV, CurrencyId::CUSDT, 2000000000000), (CurrencyId::CETH, CurrencyId::CUSDT, 3000000000000)]    
Dec 04 16:27:13.158  INFO 🔨 Initializing Genesis block/state (state: 0xdb0a…de1f, header-hash: 0x57d5…fe11)    
Dec 04 16:27:13.168  INFO 👴 Loading GRANDPA authority set from genesis on what appears to be first startup.    
Dec 04 16:27:14.958  INFO ⏱  Loaded block-time = 6000 milliseconds from genesis on first-launch    
Dec 04 16:27:14.959  INFO 👶 Creating empty BABE epoch changes on what appears to be first startup.    
Dec 04 16:27:14.961  INFO 🏷  Local node identity is: 12D3KooWPpkZ2J3dVB2uv9wB84fMapeK7URjEVfRve55MPegioTN (legacy representation: 12D3KooWPpkZ2J3dVB2uv9wB84fMapeK7URjEVfRve55MPegioTN)    
Dec 04 16:27:15.909  INFO 📦 Highest known block at #0    
Dec 04 16:27:15.911  INFO 〽️ Prometheus server started at 127.0.0.1:9615    
Dec 04 16:27:15.915  INFO Listening for new connections on 0.0.0.0:9944.    
Dec 04 16:27:15.916  INFO 👶 Starting BABE Authorship worker    
Dec 04 16:27:18.269  INFO 🙌 Starting consensus session on top of parent 0x57d51aa23caba518fe9030b89489a0769c741a3c7edfc7223bbce9bfe3a8fe11    
Dec 04 16:27:19.401  INFO 🎁 Prepared block for proposing at 1 [hash: 0x3718f5418dabd14f20ab3f9fb73876cd7b606d0d08597c35375c1a98f256c1ca; parent_hash: 0x57d5…fe11; extrinsics (1): [0xd3eb…4716]]    
Dec 04 16:27:19.511  INFO 🔖 Pre-sealed block for proposal at 1. Hash now 0xed3b16312208e042c47b1fc41ca4bbfb3a6ebe8bb23826a0065c0a95848b7211, previously 0x3718f5418dabd14f20ab3f9fb73876cd7b606d0d08597c35375c1a98f256c1ca.    
Dec 04 16:27:19.512  INFO 👶 New epoch 0 launching at block 0xed3b…7211 (block slot 267845073 >= start slot 267845073).    
Dec 04 16:27:19.512  INFO 👶 Next epoch starts at slot 267845173    
Dec 04 16:27:19.514  INFO ✨ Imported #[1;37m1[0m (0xed3b…7211)    
Dec 04 16:27:20.918  INFO 💤 [1;37mIdle[0m ([1;37m0[0m peers), best: #[1;37m1[0m (0xed3b…7211), finalized #[1;37m0[0m (0x57d5…fe11), [32m⬇ 0[0m [31m⬆ 0[0m    
Dec 04 16:27:24.144  INFO 🙌 Starting consensus session on top of parent 0xed3b16312208e042c47b1fc41ca4bbfb3a6ebe8bb23826a0065c0a95848b7211    
Dec 04 16:27:24.152  INFO 🎁 Prepared block for proposing at 2 [hash: 0xec05cc6d39ea344f1b353419db429030a472eff99949d8fe1b4864375712256a; parent_hash: 0xed3b…7211; extrinsics (1): [0x2c0e…61a5]]    
Dec 04 16:27:24.285  INFO 🔖 Pre-sealed block for proposal at 2. Hash now 0x39661154287bded3e3c6ec7919548a314d74b76477d83d9e9e5d148c4c7b789b, previously 0xec05cc6d39ea344f1b353419db429030a472eff99949d8fe1b4864375712256a.    
Dec 04 16:27:24.291  INFO ✨ Imported #[1;37m2[0m (0x3966…789b)    
Dec 04 16:27:25.918  INFO 💤 [1;37mIdle[0m ([1;37m0[0m peers), best: #[1;37m2[0m (0x3966…789b), finalized #[1;37m0[0m (0x57d5…fe11), [32m⬇ 0[0m [31m⬆ 0[0m    
Dec 04 16:27:30.109  INFO 🙌 Starting consensus session on top of parent 0x39661154287bded3e3c6ec7919548a314d74b76477d83d9e9e5d148c4c7b789b    
Dec 04 16:27:30.128  INFO 🎁 Prepared block for proposing at 3 [hash: 0x5b7cfdae861ed7b811990511bfae8b321265d851c4391b6e05944ff545abb7fb; parent_hash: 0x3966…789b; extrinsics (2): [0x29a8…2da5, 0x2894…2411]]    
Dec 04 16:27:30.235  INFO 🔖 Pre-sealed block for proposal at 3. Hash now 0xb17d0fb12bbf2e706101cff445487231e603a14f0466e046b8cc7f403f14eb86, previously 0x5b7cfdae861ed7b811990511bfae8b321265d851c4391b6e05944ff545abb7fb.    
Dec 04 16:27:30.236  INFO ✨ Imported #[1;37m3[0m (0xb17d…eb86)    
Dec 04 16:27:30.922  INFO 💤 [1;37mIdle[0m ([1;37m0[0m peers), best: #[1;37m3[0m (0xb17d…eb86), finalized #[1;37m0[0m (0x57d5…fe11), [32m⬇ 0[0m [31m⬆ 0[0m    
Dec 04 16:27:35.926  INFO 💤 [1;37mIdle[0m ([1;37m0[0m peers), best: #[1;37m3[0m (0xb17d…eb86), finalized #[1;37m1[0m (0xed3b…7211), [32m⬇ 0[0m [31m⬆ 0[0m    
Dec 04 16:27:36.111  INFO 🙌 Starting consensus session on top of parent 0xb17d0fb12bbf2e706101cff445487231e603a14f0466e046b8cc7f403f14eb86    
Dec 04 16:27:36.134  INFO 🎁 Prepared block for proposing at 4 [hash: 0xae8976d6569350f1a75d93144dc4a6aeb111ed640be0894916bd332111e8417e; parent_hash: 0xb17d…eb86; extrinsics (2): [0x2c0c…df81, 0x425c…780e]]    
Dec 04 16:27:36.232  INFO 🔖 Pre-sealed block for proposal at 4. Hash now 0xa9a31cb5e43d8b42f0753e82494111313a5cd9fc37d6ca5685dabea0ddfc7df7, previously 0xae8976d6569350f1a75d93144dc4a6aeb111ed640be0894916bd332111e8417e.    
Dec 04 16:27:36.234  INFO ✨ Imported #[1;37m4[0m (0xa9a3…7df7)    
Dec 04 16:27:40.928  INFO 💤 [1;37mIdle[0m ([1;37m0[0m peers), best: #[1;37m4[0m (0xa9a3…7df7), finalized #[1;37m2[0m (0x3966…789b), [32m⬇ 0[0m [31m⬆ 0[0m    
Dec 04 16:27:42.110  INFO 🙌 Starting consensus session on top of parent 0xa9a31cb5e43d8b42f0753e82494111313a5cd9fc37d6ca5685dabea0ddfc7df7    
Dec 04 16:27:42.119  INFO 🎁 Prepared block for proposing at 5 [hash: 0x7178f2a27c5d8d3153b0b164413860e882e9ecfa009d6b4f411c5472b131a344; parent_hash: 0xa9a3…7df7; extrinsics (1): [0x3e80…e003]]    
Dec 04 16:27:42.215  INFO 🔖 Pre-sealed block for proposal at 5. Hash now 0x09ee74b20092c8aa845c919e6ab40761d90cd5a4d4a560ff6706ac2cecc5118d, previously 0x7178f2a27c5d8d3153b0b164413860e882e9ecfa009d6b4f411c5472b131a344.    
Dec 04 16:27:42.217  INFO ✨ Imported #[1;37m5[0m (0x09ee…118d)    
Dec 04 16:27:45.929  INFO 💤 [1;37mIdle[0m ([1;37m0[0m peers), best: #[1;37m5[0m (0x09ee…118d), finalized #[1;37m3[0m (0xb17d…eb86), [32m⬇ 0[0m [31m⬆ 0[0m    
Dec 04 16:27:48.114  INFO 🙌 Starting consensus session on top of parent 0x09ee74b20092c8aa845c919e6ab40761d90cd5a4d4a560ff6706ac2cecc5118d    
Dec 04 16:27:48.122  INFO 🎁 Prepared block for proposing at 6 [hash: 0xe524c8b22ebaf2a821d2d39c2a723e4673f879ececc9efc444030b01733de586; parent_hash: 0x09ee…118d; extrinsics (1): [0xbbb3…61fb]]    
Dec 04 16:27:48.221  INFO 🔖 Pre-sealed block for proposal at 6. Hash now 0xa5fa06a60d2ac9d6e39b76745f689f3b2e145925ea28084317ec5dea57468ad0, previously 0xe524c8b22ebaf2a821d2d39c2a723e4673f879ececc9efc444030b01733de586.    
Dec 04 16:27:48.223  INFO ✨ Imported #[1;37m6[0m (0xa5fa…8ad0)    
Dec 04 16:27:50.932  INFO 💤 [1;37mIdle[0m ([1;37m0[0m peers), best: #[1;37m6[0m (0xa5fa…8ad0), finalized #[1;37m4[0m (0xa9a3…7df7), [32m⬇ 0[0m [31m⬆ 0[0m    
Dec 04 16:27:54.110  INFO 🙌 Starting consensus session on top of parent 0xa5fa06a60d2ac9d6e39b76745f689f3b2e145925ea28084317ec5dea57468ad0    
Dec 04 16:27:54.117  INFO 🎁 Prepared block for proposing at 7 [hash: 0xb401d8fdede12bb437d601b49fb281891f7c67674a26e6a6d6e91590f8e670a0; parent_hash: 0xa5fa…8ad0; extrinsics (1): [0x1b89…6be2]]    
Dec 04 16:27:54.220  INFO 🔖 Pre-sealed block for proposal at 7. Hash now 0x7b1d66f7eafc12028279ed897a6a55893dbd2a16e696b1bc1c8222a2ab5af454, previously 0xb401d8fdede12bb437d601b49fb281891f7c67674a26e6a6d6e91590f8e670a0.    
Dec 04 16:27:54.222  INFO ✨ Imported #[1;37m7[0m (0x7b1d…f454)    
Dec 04 16:27:55.934  INFO 💤 [1;37mIdle[0m ([1;37m0[0m peers), best: #[1;37m7[0m (0x7b1d…f454), finalized #[1;37m4[0m (0xa9a3…7df7), [32m⬇ 0[0m [31m⬆ 0[0m    
Dec 04 16:28:00.105  INFO 🙌 Starting consensus session on top of parent 0x7b1d66f7eafc12028279ed897a6a55893dbd2a16e696b1bc1c8222a2ab5af454    
Dec 04 16:28:00.115  INFO 🎁 Prepared block for proposing at 8 [hash: 0xfc9e58696530f8439449001c9298de699f0798c579041d8cf452135c860a56ab; parent_hash: 0x7b1d…f454; extrinsics (1): [0xa1c8…c731]]    
Dec 04 16:28:00.214  INFO 🔖 Pre-sealed block for proposal at 8. Hash now 0xd6f4b2424ddf0986086f8a0ae1ecc5b2a7959c88eb2da89bea34535cdac6e4bb, previously 0xfc9e58696530f8439449001c9298de699f0798c579041d8cf452135c860a56ab.    
Dec 04 16:28:00.216  INFO ✨ Imported #[1;37m8[0m (0xd6f4…e4bb)    
Dec 04 16:28:00.941  INFO 💤 [1;37mIdle[0m ([1;37m0[0m peers), best: #[1;37m8[0m (0xd6f4…e4bb), finalized #[1;37m5[0m (0x09ee…118d), [32m⬇ 0[0m [31m⬆ 0[0m    
Dec 04 16:28:05.941  INFO 💤 [1;37mIdle[0m ([1;37m0[0m peers), best: #[1;37m8[0m (0xd6f4…e4bb), finalized #[1;37m6[0m (0xa5fa…8ad0), [32m⬇ 0[0m [31m⬆ 0[0m    
Dec 04 16:28:06.111  INFO 🙌 Starting consensus session on top of parent 0xd6f4b2424ddf0986086f8a0ae1ecc5b2a7959c88eb2da89bea34535cdac6e4bb    
Dec 04 16:28:06.118  INFO 🎁 Prepared block for proposing at 9 [hash: 0x24821a767c9e5970207d8586a48c245398aa7585944241497d8ca85d204cc64e; parent_hash: 0xd6f4…e4bb; extrinsics (1): [0x589b…b847]]    
Dec 04 16:28:06.218  INFO 🔖 Pre-sealed block for proposal at 9. Hash now 0x0872b1f028bbe83b9874384ac78b80a5600554a4cc030d1e6a22dff6e2074014, previously 0x24821a767c9e5970207d8586a48c245398aa7585944241497d8ca85d204cc64e.    
Dec 04 16:28:06.219  INFO ✨ Imported #[1;37m9[0m (0x0872…4014)    
Dec 04 16:28:10.945  INFO 💤 [1;37mIdle[0m ([1;37m0[0m peers), best: #[1;37m9[0m (0x0872…4014), finalized #[1;37m7[0m (0x7b1d…f454), [32m⬇ 0[0m [31m⬆ 0[0m    
Dec 04 16:28:12.109  INFO 🙌 Starting consensus session on top of parent 0x0872b1f028bbe83b9874384ac78b80a5600554a4cc030d1e6a22dff6e2074014    
Dec 04 16:28:12.117  INFO 🎁 Prepared block for proposing at 10 [hash: 0xbd4074627444cc2ce4038b9f8e77ed55eb25a127fd9ceaf511c7acec45b5b7b4; parent_hash: 0x0872…4014; extrinsics (1): [0x2387…a8f6]]    
Dec 04 16:28:12.214  INFO 🔖 Pre-sealed block for proposal at 10. Hash now 0x73bb83377f0bcaa5d1d059fb16f22e1641d5121eb99ab60d44dd308311a55e83, previously 0xbd4074627444cc2ce4038b9f8e77ed55eb25a127fd9ceaf511c7acec45b5b7b4.    
Dec 04 16:28:12.216  INFO ✨ Imported #[1;37m10[0m (0x73bb…5e83)    
Dec 04 16:28:15.950  INFO 💤 [1;37mIdle[0m ([1;37m0[0m peers), best: #[1;37m10[0m (0x73bb…5e83), finalized #[1;37m8[0m (0xd6f4…e4bb), [32m⬇ 0[0m [31m⬆ 0[0m    
Dec 04 16:28:18.115  INFO 🙌 Starting consensus session on top of parent 0x73bb83377f0bcaa5d1d059fb16f22e1641d5121eb99ab60d44dd308311a55e83    
Dec 04 16:28:18.124  INFO 🎁 Prepared block for proposing at 11 [hash: 0x67f18777cf0c844f0c88f9f46ee4ee5be676356853aa60238c00829b620a5304; parent_hash: 0x73bb…5e83; extrinsics (1): [0x540a…1ee8]]    
Dec 04 16:28:18.226  INFO 🔖 Pre-sealed block for proposal at 11. Hash now 0xb8c16550fc2964bbcac8a7ccb29b79336cea55b22410b8d6f293957123f6d3d2, previously 0x67f18777cf0c844f0c88f9f46ee4ee5be676356853aa60238c00829b620a5304.    
Dec 04 16:28:18.228  INFO ✨ Imported #[1;37m11[0m (0xb8c1…d3d2)    
Dec 04 16:28:20.951  INFO 💤 [1;37mIdle[0m ([1;37m0[0m peers), best: #[1;37m11[0m (0xb8c1…d3d2), finalized #[1;37m9[0m (0x0872…4014), [32m⬇ 0[0m [31m⬆ 0[0m    
Dec 04 16:28:24.115  INFO 🙌 Starting consensus session on top of parent 0xb8c16550fc2964bbcac8a7ccb29b79336cea55b22410b8d6f293957123f6d3d2    
Dec 04 16:28:24.125  INFO 🎁 Prepared block for proposing at 12 [hash: 0x313c87cd265ab29344aac295b0d08aafcfd529ec68672dce9d2f90f373327f08; parent_hash: 0xb8c1…d3d2; extrinsics (1): [0x655c…2b71]]    
Dec 04 16:28:24.242  INFO 🔖 Pre-sealed block for proposal at 12. Hash now 0x45dd24f9c7e80ec5719b186282d3d8ac416d4f547c24d521a89e811363bf30e7, previously 0x313c87cd265ab29344aac295b0d08aafcfd529ec68672dce9d2f90f373327f08.    
Dec 04 16:28:24.243  INFO ✨ Imported #[1;37m12[0m (0x45dd…30e7)    
Dec 04 16:28:25.954  INFO 💤 [1;37mIdle[0m ([1;37m0[0m peers), best: #[1;37m12[0m (0x45dd…30e7), finalized #[1;37m10[0m (0x73bb…5e83), [32m⬇ 0[0m [31m⬆ 0[0m    
Dec 04 16:28:30.126  INFO 🙌 Starting consensus session on top of parent 0x45dd24f9c7e80ec5719b186282d3d8ac416d4f547c24d521a89e811363bf30e7    
Dec 04 16:28:30.137  INFO 🎁 Prepared block for proposing at 13 [hash: 0x3fd32cdb88eac8efd66df6d7f12578e38abee3dfba9d1d46723d461e362f8f7e; parent_hash: 0x45dd…30e7; extrinsics (1): [0x619f…fd04]]    
Dec 04 16:28:30.250  INFO 🔖 Pre-sealed block for proposal at 13. Hash now 0x572bb630891dbc1224dd887625130e5e0b60906b3981fcb01eacf1b5143bf61d, previously 0x3fd32cdb88eac8efd66df6d7f12578e38abee3dfba9d1d46723d461e362f8f7e.    
Dec 04 16:28:30.252  INFO ✨ Imported #[1;37m13[0m (0x572b…f61d)    
Dec 04 16:28:30.957  INFO 💤 [1;37mIdle[0m ([1;37m0[0m peers), best: #[1;37m13[0m (0x572b…f61d), finalized #[1;37m10[0m (0x73bb…5e83), [32m⬇ 0[0m [31m⬆ 0[0m    
Dec 04 16:28:35.958  INFO 💤 [1;37mIdle[0m ([1;37m0[0m peers), best: #[1;37m13[0m (0x572b…f61d), finalized #[1;37m11[0m (0xb8c1…d3d2), [32m⬇ 0[0m [31m⬆ 0[0m    
Dec 04 16:28:36.103  INFO 🙌 Starting consensus session on top of parent 0x572bb630891dbc1224dd887625130e5e0b60906b3981fcb01eacf1b5143bf61d    
Dec 04 16:28:36.110  INFO 🎁 Prepared block for proposing at 14 [hash: 0xbd46087cbb06205521bec866246f2713a89daa8d70dfc31564618ea1f7b80787; parent_hash: 0x572b…f61d; extrinsics (1): [0xb98f…de0c]]    
Dec 04 16:28:36.207  INFO 🔖 Pre-sealed block for proposal at 14. Hash now 0xc67a471f5d459923d71fa7b4f101aee16aaff9a7fd1cadefb7e9c850478c3e3b, previously 0xbd46087cbb06205521bec866246f2713a89daa8d70dfc31564618ea1f7b80787.    
Dec 04 16:28:36.209  INFO ✨ Imported #[1;37m14[0m (0xc67a…3e3b)    
Dec 04 16:28:40.960  INFO 💤 [1;37mIdle[0m ([1;37m0[0m peers), best: #[1;37m14[0m (0xc67a…3e3b), finalized #[1;37m12[0m (0x45dd…30e7), [32m⬇ 0[0m [31m⬆ 0[0m    
Dec 04 16:28:42.111  INFO 🙌 Starting consensus session on top of parent 0xc67a471f5d459923d71fa7b4f101aee16aaff9a7fd1cadefb7e9c850478c3e3b    
Dec 04 16:28:42.117  INFO 🎁 Prepared block for proposing at 15 [hash: 0x5f4b6e34b7f68edb2e35b5c7db832b3fb42e91e900d5eed18c182e0e2b4c507f; parent_hash: 0xc67a…3e3b; extrinsics (1): [0xd34c…1945]]    
Dec 04 16:28:42.216  INFO 🔖 Pre-sealed block for proposal at 15. Hash now 0xf2c2036c97cb372ff968acec327b2f289c9406982a7305f7051066aeccabe0f9, previously 0x5f4b6e34b7f68edb2e35b5c7db832b3fb42e91e900d5eed18c182e0e2b4c507f.    
Dec 04 16:28:42.217  INFO ✨ Imported #[1;37m15[0m (0xf2c2…e0f9)    
Dec 04 16:28:45.965  INFO 💤 [1;37mIdle[0m ([1;37m0[0m peers), best: #[1;37m15[0m (0xf2c2…e0f9), finalized #[1;37m13[0m (0x572b…f61d), [32m⬇ 0[0m [31m⬆ 0[0m    
Dec 04 16:28:48.112  INFO 🙌 Starting consensus session on top of parent 0xf2c2036c97cb372ff968acec327b2f289c9406982a7305f7051066aeccabe0f9    
Dec 04 16:28:48.119  INFO 🎁 Prepared block for proposing at 16 [hash: 0x99f8f3ea7ea828e6824bd8a0dbc4a26e02b036c84bf3e4bc28734baead7a1277; parent_hash: 0xf2c2…e0f9; extrinsics (1): [0xbb7f…7301]]    
Dec 04 16:28:48.213  INFO 🔖 Pre-sealed block for proposal at 16. Hash now 0x06e5c791fb57a5f605881e21bc84d763e52716dbe50e0ff8ca70424028ace938, previously 0x99f8f3ea7ea828e6824bd8a0dbc4a26e02b036c84bf3e4bc28734baead7a1277.    
Dec 04 16:28:48.215  INFO ✨ Imported #[1;37m16[0m (0x06e5…e938)    
Dec 04 16:28:50.966  INFO 💤 [1;37mIdle[0m ([1;37m0[0m peers), best: #[1;37m16[0m (0x06e5…e938), finalized #[1;37m14[0m (0xc67a…3e3b), [32m⬇ 0[0m [31m⬆ 0[0m    
